

 SAP2000 v20.0.0 Ultimate 64-bit (Analysis Build 9601/64)
 File: C:\Users\Jonathan\Deskt...DO AULA\ESCADA ESPINHA DE PEIXE E FLUTUANTE.LOG




 B E G I N   A N A L Y S I S                                2018/01/01  12:01:25


 RUNNING ANALYSIS WITHIN THE GUI PROCESS
 USING THE ADVANCED SOLVER (PROVIDES LIMITED INSTABILITY INFORMATION)

 NUMBER OF JOINTS                          =         157
    WITH RESTRAINTS                        =           7
 NUMBER OF FRAME/CABLE/TENDON ELEMENTS     =          78
 NUMBER OF SHELL ELEMENTS                  =          84
 NUMBER OF LOAD PATTERNS                   =           7
 NUMBER OF ACCELERATION LOADS              =           9
 NUMBER OF LOAD CASES                      =           8

 ADDRESSABLE PHYSICAL MEMORY (RAM)         =       7.913 GB

 PARALLELIZATION OF ANALYSIS OPERATIONS:
 (Env. variable SAPFIRE_NUM_THREADS        =           0)
 NUMBER OF THREADS: STATE (AUTOMATIC)      =           4
 NUMBER OF THREADS: STIFFNESS (AUTOMATIC)  =           4
 NUMBER OF THREADS: EVENT (AUTOMATIC)      =           4
 NUMBER OF THREADS: MOVE (AUTOMATIC)       =           4
 NUMBER OF THREADS: RESPONSE (AUTOMATIC)   =           4
 NUMBER OF THREADS: SOLVE (AUTOMATIC)      =           4
 NUMBER OF THREADS: FORM (AUTOMATIC)       =           4


 E L E M E N T   F O R M A T I O N                                      12:01:25



 L I N E A R   E Q U A T I O N   S O L U T I O N                        12:01:25

 FORMING STIFFNESS AT ZERO (UNSTRESSED) INITIAL CONDITIONS

 TOTAL NUMBER OF EQUILIBRIUM EQUATIONS     =         905
 NUMBER OF NON-ZERO STIFFNESS TERMS        =       17631

 ---------------------------------
 BASIC STABILITY CHECK FOR LINEAR LOAD CASES:
    NUMBER OF NEGATIVE STIFFNESS EIGENVALUES SHOULD BE ZERO FOR STABILITY.
    (NOTE: FURTHER CHECKS SHOULD BE CONSIDERED AS DEEMED NECESSARY,
     SUCH AS REVIEWING EIGEN MODES FOR MECHANISMS AND RIGID-BODY MOTION)

    NUMBER OF NEGATIVE EIGENVALUES         =           0,  OK.
 ---------------------------------


 L I N E A R   S T A T I C   C A S E S                                  12:01:26

 USING STIFFNESS AT ZERO (UNSTRESSED) INITIAL CONDITIONS

 TOTAL NUMBER OF CASES TO SOLVE            =           7
 NUMBER OF CASES TO SOLVE PER BLOCK        =           7

 LINEAR STATIC CASES TO BE SOLVED:

 CASE: DEAD
 CASE: PERMANENTE
 CASE: ACIDENTAL DISTRIBUIDA
 CASE: GUARDA CORPO
 CASE: MOMENTO NA PONTA DO BALANăO
 CASE: PONTUAL
 CASE: ALVENARIA VIGA


 E I G E N   M O D A L   A N A L Y S I S                                12:01:26

 CASE: MODAL

 USING STIFFNESS AT ZERO (UNSTRESSED) INITIAL CONDITIONS

 NUMBER OF STIFFNESS DEGREES OF FREEDOM    =         905
 NUMBER OF MASS DEGREES OF FREEDOM         =         452
 MAXIMUM NUMBER OF EIGEN MODES SOUGHT      =          12
 MINIMUM NUMBER OF EIGEN MODES SOUGHT      =           1
 NUMBER OF RESIDUAL-MASS MODES SOUGHT      =           0
 NUMBER OF SUBSPACE VECTORS USED           =          24
 RELATIVE CONVERGENCE TOLERANCE            =    1.00E-09

 FREQUENCY SHIFT  (CENTER) (CYC/TIME)      =     .000000
 FREQUENCY CUTOFF (RADIUS) (CYC/TIME)      =  -INFINITY-
 ALLOW AUTOMATIC FREQUENCY SHIFTING        =         YES


 Original stiffness at shift : EV= 0.0000000E+00, f=     .000000, T=  -INFINITY-
 Number of eigenvalues below shift =      0

 Iteration    Approximations to next 5 eigenvalues, from shift EV= 0.0000000E+00
       4   5.6736255E+02 9.1267078E+03 1.0800827E+04 1.4386040E+04 1.7171610E+04

 Found mode      1 of     12:  EV= 5.6736255E+02, f=    3.790971, T=    0.263785
 Found mode      2 of     12:  EV= 9.1267077E+03, f=   15.204677, T=    0.065769
 Found mode      3 of     12:  EV= 1.0800827E+04, f=   16.540500, T=    0.060458
 Found mode      4 of     12:  EV= 1.4386040E+04, f=   19.089333, T=    0.052385
 Found mode      5 of     12:  EV= 1.7171607E+04, f=   20.855740, T=    0.047948
 Found mode      6 of     12:  EV= 2.2704927E+04, f=   23.981712, T=    0.041698
 Found mode      7 of     12:  EV= 2.5313045E+04, f=   25.321669, T=    0.039492
 Found mode      8 of     12:  EV= 2.6777700E+04, f=   26.043945, T=    0.038397

 Iteration    Approximations to next 5 eigenvalues, from shift EV= 0.0000000E+00
       8   3.6931357E+04 4.0461482E+04 4.2215555E+04 4.2335239E+04 4.3226810E+04

 Found mode      9 of     12:  EV= 3.6931357E+04, f=   30.585653, T=    0.032695
 Found mode     10 of     12:  EV= 4.0461482E+04, f=   32.014080, T=    0.031236
 Found mode     11 of     12:  EV= 4.2215555E+04, f=   32.700650, T=    0.030580
 Found mode     12 of     12:  EV= 4.2335239E+04, f=   32.746971, T=    0.030537

 NUMBER OF EIGEN MODES FOUND               =          12
 NUMBER OF ITERATIONS PERFORMED            =           8
 NUMBER OF STIFFNESS SHIFTS                =           0


 A N A L Y S I S   C O M P L E T E                          2018/01/01  12:01:26
